
Showing logs for build [32mcb-kubecd-environment-pr-191-16-p6z7m-1[0m stage [32mfrom-build-pack[0m and container [32mstep-credential-initializer-629gm[0m
{"level":"warn","ts":1585579258.3027549,"logger":"fallback-logger","caller":"logging/config.go:69","msg":"Fetch GitHub commit ID from kodata failed: \"ref: refs/heads/0.8.0-**-support-backwards-incompats\" is not a valid GitHub commit ID"}
{"level":"info","ts":1585579258.30342,"logger":"fallback-logger","caller":"creds-init/main.go:40","msg":"Credentials initialized."}

Showing logs for build [32mcb-kubecd-environment-pr-191-16-p6z7m-1[0m stage [32mfrom-build-pack[0m and container [32mstep-working-dir-initializer-zgbq2[0m
{"level":"warn","ts":1585579259.397473,"logger":"fallback-logger","caller":"logging/config.go:69","msg":"Fetch GitHub commit ID from kodata failed: open /var/run/ko/HEAD: no such file or directory"}
{"level":"info","ts":1585579259.399239,"logger":"fallback-logger","caller":"bash/main.go:64","msg":"Successfully executed command \"sh -c mkdir -p /workspace/source\"; output "}

Showing logs for build [32mcb-kubecd-environment-pr-191-16-p6z7m-1[0m stage [32mfrom-build-pack[0m and container [32mstep-place-tools[0m

Showing logs for build [32mcb-kubecd-environment-pr-191-16-p6z7m-1[0m stage [32mfrom-build-pack[0m and container [32mstep-git-source-cb-kubecd-environment-pr-191-16-p6z7m-55tnp[0m
{"level":"warn","ts":1585579263.468249,"logger":"fallback-logger","caller":"logging/config.go:69","msg":"Fetch GitHub commit ID from kodata failed: \"ref: refs/heads/0.8.0-**-support-backwards-incompats\" is not a valid GitHub commit ID"}
{"level":"info","ts":1585579264.6146586,"logger":"fallback-logger","caller":"git/git.go:103","msg":"Successfully cloned https://github.com/cb-kubecd/environment-pr-191-169-boot-gke-production.git @ master in path /workspace/source"}

Showing logs for build [32mcb-kubecd-environment-pr-191-16-p6z7m-1[0m stage [32mfrom-build-pack[0m and container [32mstep-git-merge[0m
Using SHAs from PULL_REFS=master:2f786d8cf2e34494c28daa439c24b0789faab60d,1:151bc0a5b2fe57eb9bcf0f13d71d379f9d8d5e77
DEBUG: JX_LOG_LEVEL=error LC_ALL=C git fetch origin --unshallow 151bc0a5b2fe57eb9bcf0f13d71d379f9d8d5e77: 2f786d8cf2e34494c28daa439c24b0789faab60d:
DEBUG: ran git fetch --unshallow origin 151bc0a5b2fe57eb9bcf0f13d71d379f9d8d5e77: 2f786d8cf2e34494c28daa439c24b0789faab60d: in 
DEBUG: LC_ALL=C JX_LOG_LEVEL=error git branch
DEBUG: LC_ALL=C JX_LOG_LEVEL=error git checkout master
DEBUG: ran git checkout master in 
DEBUG: JX_LOG_LEVEL=error LC_ALL=C git reset --hard 2f786d8cf2e34494c28daa439c24b0789faab60d
DEBUG: ran git reset --hard 2f786d8cf2e34494c28daa439c24b0789faab60d in 
DEBUG: LC_ALL=C JX_LOG_LEVEL=error git clean -fd .
DEBUG: ran clean --force -d . in 
DEBUG: LC_ALL=C JX_LOG_LEVEL=error git merge 151bc0a5b2fe57eb9bcf0f13d71d379f9d8d5e77
DEBUG: ran git merge 151bc0a5b2fe57eb9bcf0f13d71d379f9d8d5e77 in 
DEBUG: LC_ALL=C JX_LOG_LEVEL=error git log --format=%H%x1f%an%x1f%ae%x1f%cn%x1f%ce%x1f%s%n%b%x1e 2f786d8cf2e34494c28daa439c24b0789faab60d..HEAD
Merged SHA 151bc0a5b2fe57eb9bcf0f13d71d379f9d8d5e77 with commit message 'chore: Promote bdd-spring-1585578349 to version 0.0.1' into base branch master

Showing logs for build [32mcb-kubecd-environment-pr-191-16-p6z7m-1[0m stage [32mfrom-build-pack[0m and container [32mstep-build-helm-build[0m
WARNING: No $CHART_REPOSITORY defined so using the default value of: http://jenkins-x-chartmuseum:8080
Adding missing Helm repo: storage.googleapis.com https://storage.googleapis.com/chartmuseum.jenkins-x.io
WARNING: No secrets found on "helm/repos" due: reading the secret "helm/repos" from vault: no secret "helm/repos" not found in vault
Read credentials for https://storage.googleapis.com/chartmuseum.jenkins-x.io from vault helm/repos
Successfully added Helm repository storage.googleapis.com.
Adding missing Helm repo: jenkins-x-chartmuseum http://jenkins-x-chartmuseum:8080
WARNING: No secrets found on "helm/repos" due: reading the secret "helm/repos" from vault: no secret "helm/repos" not found in vault
Read credentials for http://jenkins-x-chartmuseum:8080 from vault helm/repos
Successfully added Helm repository jenkins-x-chartmuseum.
WARNING: No $CHART_REPOSITORY defined so using the default value of: http://jenkins-x-chartmuseum:8080
Adding missing Helm repo: chartmuseum.jenkins-x.io http://chartmuseum.jenkins-x.io
WARNING: No secrets found on "helm/repos" due: reading the secret "helm/repos" from vault: no secret "helm/repos" not found in vault
Read credentials for http://chartmuseum.jenkins-x.io from vault helm/repos
Successfully added Helm repository chartmuseum.jenkins-x.io.
